{"numFailedTestSuites":2,"numFailedTests":0,"numPassedTestSuites":0,"numPassedTests":0,"numPendingTestSuites":0,"numPendingTests":0,"numRuntimeErrorTestSuites":2,"numTodoTests":0,"numTotalTestSuites":2,"numTotalTests":0,"openHandles":[],"snapshot":{"added":0,"didUpdate":false,"failure":false,"filesAdded":0,"filesRemoved":0,"filesRemovedList":[],"filesUnmatched":0,"filesUpdated":0,"matched":0,"total":0,"unchecked":0,"uncheckedKeysByFile":[],"unmatched":0,"updated":0},"startTime":1756533999520,"success":false,"testResults":[{"assertionResults":[],"coverage":{},"endTime":1756534000072,"message":"  ● Test suite failed to run\n\n    Cannot find module '../diff' from 'tests/diff.test.js'\n\n    \u001b[0m\u001b[31m\u001b[1m>\u001b[22m\u001b[39m\u001b[90m 1 |\u001b[39m \u001b[36mconst\u001b[39m diff \u001b[33m=\u001b[39m require(\u001b[32m'../diff'\u001b[39m)\u001b[33m;\u001b[39m\n     \u001b[90m   |\u001b[39m              \u001b[31m\u001b[1m^\u001b[22m\u001b[39m\n     \u001b[90m 2 |\u001b[39m \u001b[36mconst\u001b[39m testCases \u001b[33m=\u001b[39m require(\u001b[32m'./diff.testCase.json'\u001b[39m)\u001b[33m;\u001b[39m\n     \u001b[90m 3 |\u001b[39m\n     \u001b[90m 4 |\u001b[39m describe(\u001b[32m'diff'\u001b[39m\u001b[33m,\u001b[39m () \u001b[33m=>\u001b[39m {\u001b[0m\n\n      at Resolver._throwModNotFoundError (node_modules/jest-resolve/build/index.js:863:11)\n      at Object.require (tests/diff.test.js:1:14)\n","name":"/home/runner/work/demo-ci-cd/demo-ci-cd/tests/diff.test.js","startTime":1756534000072,"status":"failed","summary":""},{"assertionResults":[],"coverage":{},"endTime":1756534000072,"message":"  ● Test suite failed to run\n\n    Cannot find module '../add' from 'tests/add.test.js'\n\n    \u001b[0m\u001b[31m\u001b[1m>\u001b[22m\u001b[39m\u001b[90m 1 |\u001b[39m \u001b[36mconst\u001b[39m add \u001b[33m=\u001b[39m require(\u001b[32m'../add'\u001b[39m)\u001b[33m;\u001b[39m\n     \u001b[90m   |\u001b[39m             \u001b[31m\u001b[1m^\u001b[22m\u001b[39m\n     \u001b[90m 2 |\u001b[39m \u001b[36mconst\u001b[39m testCases \u001b[33m=\u001b[39m require(\u001b[32m'./add.testCase.json'\u001b[39m)\u001b[33m;\u001b[39m\n     \u001b[90m 3 |\u001b[39m\n     \u001b[90m 4 |\u001b[39m describe(\u001b[32m'add'\u001b[39m\u001b[33m,\u001b[39m () \u001b[33m=>\u001b[39m {\u001b[0m\n\n      at Resolver._throwModNotFoundError (node_modules/jest-resolve/build/index.js:863:11)\n      at Object.require (tests/add.test.js:1:13)\n","name":"/home/runner/work/demo-ci-cd/demo-ci-cd/tests/add.test.js","startTime":1756534000072,"status":"failed","summary":""}],"wasInterrupted":false}
