{"numFailedTestSuites":0,"numFailedTests":0,"numPassedTestSuites":1,"numPassedTests":3,"numPendingTestSuites":0,"numPendingTests":0,"numRuntimeErrorTestSuites":0,"numTodoTests":0,"numTotalTestSuites":1,"numTotalTests":3,"openHandles":[],"snapshot":{"added":0,"didUpdate":false,"failure":false,"filesAdded":0,"filesRemoved":0,"filesRemovedList":[],"filesUnmatched":0,"filesUpdated":0,"matched":0,"total":0,"unchecked":0,"uncheckedKeysByFile":[],"unmatched":0,"updated":0},"startTime":1756455401741,"success":true,"testResults":[{"assertionResults":[{"ancestorTitles":["sum function tests from external JSON"],"duration":2,"failing":false,"failureDetails":[],"failureMessages":[],"fullName":"sum function tests from external JSON sum(1, 2) should return 3","invocations":1,"location":null,"numPassingAsserts":1,"retryReasons":[],"startAt":1756455401994,"status":"passed","title":"sum(1, 2) should return 3"},{"ancestorTitles":["sum function tests from external JSON"],"duration":0,"failing":false,"failureDetails":[],"failureMessages":[],"fullName":"sum function tests from external JSON sum(5, 7) should return 12","invocations":1,"location":null,"numPassingAsserts":1,"retryReasons":[],"startAt":1756455401997,"status":"passed","title":"sum(5, 7) should return 12"},{"ancestorTitles":["sum function tests from external JSON"],"duration":0,"failing":false,"failureDetails":[],"failureMessages":[],"fullName":"sum function tests from external JSON sum(-1, -1) should return -2","invocations":1,"location":null,"numPassingAsserts":1,"retryReasons":[],"startAt":1756455401997,"status":"passed","title":"sum(-1, -1) should return -2"}],"endTime":1756455401998,"message":"","name":"/home/runner/work/demo-ci-cd/demo-ci-cd/tests/add.test.js","startTime":1756455401783,"status":"passed","summary":""}],"wasInterrupted":false}
