{"numFailedTestSuites":1,"numFailedTests":0,"numPassedTestSuites":1,"numPassedTests":5,"numPendingTestSuites":0,"numPendingTests":0,"numRuntimeErrorTestSuites":1,"numTodoTests":0,"numTotalTestSuites":2,"numTotalTests":5,"openHandles":[],"snapshot":{"added":0,"didUpdate":false,"failure":false,"filesAdded":0,"filesRemoved":0,"filesRemovedList":[],"filesUnmatched":0,"filesUpdated":0,"matched":0,"total":0,"unchecked":0,"uncheckedKeysByFile":[],"unmatched":0,"updated":0},"startTime":1756531079100,"success":false,"testResults":[{"assertionResults":[],"coverage":{},"endTime":1756531079595,"message":"  ● Test suite failed to run\n\n    Cannot find module '../diff' from 'tests/diff.test.js'\n\n    \u001b[0m\u001b[31m\u001b[1m>\u001b[22m\u001b[39m\u001b[90m 1 |\u001b[39m \u001b[36mconst\u001b[39m diff \u001b[33m=\u001b[39m require(\u001b[32m'../diff'\u001b[39m)\u001b[33m;\u001b[39m\n     \u001b[90m   |\u001b[39m              \u001b[31m\u001b[1m^\u001b[22m\u001b[39m\n     \u001b[90m 2 |\u001b[39m \u001b[36mconst\u001b[39m testCases \u001b[33m=\u001b[39m require(\u001b[32m'./diff.testCase.json'\u001b[39m)\u001b[33m;\u001b[39m\n     \u001b[90m 3 |\u001b[39m\n     \u001b[90m 4 |\u001b[39m describe(\u001b[32m'diff'\u001b[39m\u001b[33m,\u001b[39m () \u001b[33m=>\u001b[39m {\u001b[0m\n\n      at Resolver._throwModNotFoundError (node_modules/jest-resolve/build/index.js:863:11)\n      at Object.require (tests/diff.test.js:1:14)\n","name":"/home/runner/work/demo-ci-cd/demo-ci-cd/tests/diff.test.js","startTime":1756531079595,"status":"failed","summary":""},{"assertionResults":[{"ancestorTitles":["add"],"duration":3,"failing":false,"failureDetails":[],"failureMessages":[],"fullName":"add should correctly add two positive numbers","invocations":1,"location":null,"numPassingAsserts":1,"retryReasons":[],"startAt":1756531079552,"status":"passed","title":"should correctly add two positive numbers"},{"ancestorTitles":["add"],"duration":5,"failing":false,"failureDetails":[],"failureMessages":[],"fullName":"add should return 0 when adding two zeros","invocations":1,"location":null,"numPassingAsserts":1,"retryReasons":[],"startAt":1756531079555,"status":"passed","title":"should return 0 when adding two zeros"},{"ancestorTitles":["add"],"duration":0,"failing":false,"failureDetails":[],"failureMessages":[],"fullName":"add should correctly add two negative numbers","invocations":1,"location":null,"numPassingAsserts":1,"retryReasons":[],"startAt":1756531079561,"status":"passed","title":"should correctly add two negative numbers"},{"ancestorTitles":["add"],"duration":0,"failing":false,"failureDetails":[],"failureMessages":[],"fullName":"add should correctly add large numbers","invocations":1,"location":null,"numPassingAsserts":1,"retryReasons":[],"startAt":1756531079562,"status":"passed","title":"should correctly add large numbers"},{"ancestorTitles":["add"],"duration":1,"failing":false,"failureDetails":[],"failureMessages":[],"fullName":"add should concatenate string and number due to type coercion","invocations":1,"location":null,"numPassingAsserts":1,"retryReasons":[],"startAt":1756531079563,"status":"passed","title":"should concatenate string and number due to type coercion"}],"endTime":1756531079566,"message":"","name":"/home/runner/work/demo-ci-cd/demo-ci-cd/tests/add.test.js","startTime":1756531079442,"status":"passed","summary":""}],"wasInterrupted":false}
