{"numFailedTestSuites":2,"numFailedTests":4,"numPassedTestSuites":0,"numPassedTests":1,"numPendingTestSuites":0,"numPendingTests":0,"numRuntimeErrorTestSuites":1,"numTodoTests":0,"numTotalTestSuites":2,"numTotalTests":5,"openHandles":[],"snapshot":{"added":0,"didUpdate":false,"failure":false,"filesAdded":0,"filesRemoved":0,"filesRemovedList":[],"filesUnmatched":0,"filesUpdated":0,"matched":0,"total":0,"unchecked":0,"uncheckedKeysByFile":[],"unmatched":0,"updated":0},"startTime":1756530464303,"success":false,"testResults":[{"assertionResults":[],"coverage":{},"endTime":1756530464783,"message":"  ● Test suite failed to run\n\n    Cannot find module '../diff' from 'tests/diff.test.js'\n\n    \u001b[0m\u001b[31m\u001b[1m>\u001b[22m\u001b[39m\u001b[90m 1 |\u001b[39m \u001b[36mconst\u001b[39m diff \u001b[33m=\u001b[39m require(\u001b[32m'../diff'\u001b[39m)\u001b[33m;\u001b[39m\n     \u001b[90m   |\u001b[39m              \u001b[31m\u001b[1m^\u001b[22m\u001b[39m\n     \u001b[90m 2 |\u001b[39m \u001b[36mconst\u001b[39m testCases \u001b[33m=\u001b[39m require(\u001b[32m'./diff.testCase.json'\u001b[39m)\u001b[33m;\u001b[39m\n     \u001b[90m 3 |\u001b[39m\n     \u001b[90m 4 |\u001b[39m describe(\u001b[32m'diff'\u001b[39m\u001b[33m,\u001b[39m () \u001b[33m=>\u001b[39m {\u001b[0m\n\n      at Resolver._throwModNotFoundError (node_modules/jest-resolve/build/index.js:863:11)\n      at Object.require (tests/diff.test.js:1:14)\n","name":"/home/runner/work/demo-ci-cd/demo-ci-cd/tests/diff.test.js","startTime":1756530464783,"status":"failed","summary":""},{"assertionResults":[{"ancestorTitles":["add"],"duration":4,"failing":false,"failureDetails":[{"matcherResult":{"actual":-1,"expected":5,"message":"expect(received).toBe(expected) // Object.is equality\n\nExpected: 5\nReceived: -1","name":"toBe","pass":false}}],"failureMessages":["Error: expect(received).toBe(expected) // Object.is equality\n\nExpected: 5\nReceived: -1\n    at Object.toBe (/home/runner/work/demo-ci-cd/demo-ci-cd/tests/add.test.js:7:38)\n    at Promise.finally.completed (/home/runner/work/demo-ci-cd/demo-ci-cd/node_modules/jest-circus/build/jestAdapterInit.js:1556:28)\n    at new Promise (<anonymous>)\n    at callAsyncCircusFn (/home/runner/work/demo-ci-cd/demo-ci-cd/node_modules/jest-circus/build/jestAdapterInit.js:1496:10)\n    at _callCircusTest (/home/runner/work/demo-ci-cd/demo-ci-cd/node_modules/jest-circus/build/jestAdapterInit.js:1006:40)\n    at processTicksAndRejections (node:internal/process/task_queues:95:5)\n    at _runTest (/home/runner/work/demo-ci-cd/demo-ci-cd/node_modules/jest-circus/build/jestAdapterInit.js:946:3)\n    at _runTestsForDescribeBlock (/home/runner/work/demo-ci-cd/demo-ci-cd/node_modules/jest-circus/build/jestAdapterInit.js:839:13)\n    at _runTestsForDescribeBlock (/home/runner/work/demo-ci-cd/demo-ci-cd/node_modules/jest-circus/build/jestAdapterInit.js:829:11)\n    at run (/home/runner/work/demo-ci-cd/demo-ci-cd/node_modules/jest-circus/build/jestAdapterInit.js:757:3)\n    at runAndTransformResultsToJestFormat (/home/runner/work/demo-ci-cd/demo-ci-cd/node_modules/jest-circus/build/jestAdapterInit.js:1917:21)\n    at jestAdapter (/home/runner/work/demo-ci-cd/demo-ci-cd/node_modules/jest-circus/build/runner.js:101:19)\n    at runTestInternal (/home/runner/work/demo-ci-cd/demo-ci-cd/node_modules/jest-runner/build/index.js:275:16)\n    at runTest (/home/runner/work/demo-ci-cd/demo-ci-cd/node_modules/jest-runner/build/index.js:343:7)"],"fullName":"add should correctly add two positive numbers","invocations":1,"location":null,"numPassingAsserts":0,"retryReasons":[],"startAt":1756530464716,"status":"failed","title":"should correctly add two positive numbers"},{"ancestorTitles":["add"],"duration":0,"failing":false,"failureDetails":[],"failureMessages":[],"fullName":"add should return 0 when adding two zeros","invocations":1,"location":null,"numPassingAsserts":1,"retryReasons":[],"startAt":1756530464724,"status":"passed","title":"should return 0 when adding two zeros"},{"ancestorTitles":["add"],"duration":5,"failing":false,"failureDetails":[{"matcherResult":{"actual":4,"expected":-6,"message":"expect(received).toBe(expected) // Object.is equality\n\nExpected: -6\nReceived: 4","name":"toBe","pass":false}}],"failureMessages":["Error: expect(received).toBe(expected) // Object.is equality\n\nExpected: -6\nReceived: 4\n    at Object.toBe (/home/runner/work/demo-ci-cd/demo-ci-cd/tests/add.test.js:7:38)\n    at Promise.finally.completed (/home/runner/work/demo-ci-cd/demo-ci-cd/node_modules/jest-circus/build/jestAdapterInit.js:1556:28)\n    at new Promise (<anonymous>)\n    at callAsyncCircusFn (/home/runner/work/demo-ci-cd/demo-ci-cd/node_modules/jest-circus/build/jestAdapterInit.js:1496:10)\n    at _callCircusTest (/home/runner/work/demo-ci-cd/demo-ci-cd/node_modules/jest-circus/build/jestAdapterInit.js:1006:40)\n    at processTicksAndRejections (node:internal/process/task_queues:95:5)\n    at _runTest (/home/runner/work/demo-ci-cd/demo-ci-cd/node_modules/jest-circus/build/jestAdapterInit.js:946:3)\n    at _runTestsForDescribeBlock (/home/runner/work/demo-ci-cd/demo-ci-cd/node_modules/jest-circus/build/jestAdapterInit.js:839:13)\n    at _runTestsForDescribeBlock (/home/runner/work/demo-ci-cd/demo-ci-cd/node_modules/jest-circus/build/jestAdapterInit.js:829:11)\n    at run (/home/runner/work/demo-ci-cd/demo-ci-cd/node_modules/jest-circus/build/jestAdapterInit.js:757:3)\n    at runAndTransformResultsToJestFormat (/home/runner/work/demo-ci-cd/demo-ci-cd/node_modules/jest-circus/build/jestAdapterInit.js:1917:21)\n    at jestAdapter (/home/runner/work/demo-ci-cd/demo-ci-cd/node_modules/jest-circus/build/runner.js:101:19)\n    at runTestInternal (/home/runner/work/demo-ci-cd/demo-ci-cd/node_modules/jest-runner/build/index.js:275:16)\n    at runTest (/home/runner/work/demo-ci-cd/demo-ci-cd/node_modules/jest-runner/build/index.js:343:7)"],"fullName":"add should correctly add two negative numbers","invocations":1,"location":null,"numPassingAsserts":0,"retryReasons":[],"startAt":1756530464725,"status":"failed","title":"should correctly add two negative numbers"},{"ancestorTitles":["add"],"duration":1,"failing":false,"failureDetails":[{"matcherResult":{"actual":-1000000,"expected":3000000,"message":"expect(received).toBe(expected) // Object.is equality\n\nExpected: 3000000\nReceived: -1000000","name":"toBe","pass":false}}],"failureMessages":["Error: expect(received).toBe(expected) // Object.is equality\n\nExpected: 3000000\nReceived: -1000000\n    at Object.toBe (/home/runner/work/demo-ci-cd/demo-ci-cd/tests/add.test.js:7:38)\n    at Promise.finally.completed (/home/runner/work/demo-ci-cd/demo-ci-cd/node_modules/jest-circus/build/jestAdapterInit.js:1556:28)\n    at new Promise (<anonymous>)\n    at callAsyncCircusFn (/home/runner/work/demo-ci-cd/demo-ci-cd/node_modules/jest-circus/build/jestAdapterInit.js:1496:10)\n    at _callCircusTest (/home/runner/work/demo-ci-cd/demo-ci-cd/node_modules/jest-circus/build/jestAdapterInit.js:1006:40)\n    at processTicksAndRejections (node:internal/process/task_queues:95:5)\n    at _runTest (/home/runner/work/demo-ci-cd/demo-ci-cd/node_modules/jest-circus/build/jestAdapterInit.js:946:3)\n    at _runTestsForDescribeBlock (/home/runner/work/demo-ci-cd/demo-ci-cd/node_modules/jest-circus/build/jestAdapterInit.js:839:13)\n    at _runTestsForDescribeBlock (/home/runner/work/demo-ci-cd/demo-ci-cd/node_modules/jest-circus/build/jestAdapterInit.js:829:11)\n    at run (/home/runner/work/demo-ci-cd/demo-ci-cd/node_modules/jest-circus/build/jestAdapterInit.js:757:3)\n    at runAndTransformResultsToJestFormat (/home/runner/work/demo-ci-cd/demo-ci-cd/node_modules/jest-circus/build/jestAdapterInit.js:1917:21)\n    at jestAdapter (/home/runner/work/demo-ci-cd/demo-ci-cd/node_modules/jest-circus/build/runner.js:101:19)\n    at runTestInternal (/home/runner/work/demo-ci-cd/demo-ci-cd/node_modules/jest-runner/build/index.js:275:16)\n    at runTest (/home/runner/work/demo-ci-cd/demo-ci-cd/node_modules/jest-runner/build/index.js:343:7)"],"fullName":"add should correctly add large numbers","invocations":1,"location":null,"numPassingAsserts":0,"retryReasons":[],"startAt":1756530464730,"status":"failed","title":"should correctly add large numbers"},{"ancestorTitles":["add"],"duration":1,"failing":false,"failureDetails":[{"matcherResult":{"actual":null,"expected":"a2","message":"expect(received).toBe(expected) // Object.is equality\n\nExpected: \"a2\"\nReceived: NaN","name":"toBe","pass":false}}],"failureMessages":["Error: expect(received).toBe(expected) // Object.is equality\n\nExpected: \"a2\"\nReceived: NaN\n    at Object.toBe (/home/runner/work/demo-ci-cd/demo-ci-cd/tests/add.test.js:7:38)\n    at Promise.finally.completed (/home/runner/work/demo-ci-cd/demo-ci-cd/node_modules/jest-circus/build/jestAdapterInit.js:1556:28)\n    at new Promise (<anonymous>)\n    at callAsyncCircusFn (/home/runner/work/demo-ci-cd/demo-ci-cd/node_modules/jest-circus/build/jestAdapterInit.js:1496:10)\n    at _callCircusTest (/home/runner/work/demo-ci-cd/demo-ci-cd/node_modules/jest-circus/build/jestAdapterInit.js:1006:40)\n    at processTicksAndRejections (node:internal/process/task_queues:95:5)\n    at _runTest (/home/runner/work/demo-ci-cd/demo-ci-cd/node_modules/jest-circus/build/jestAdapterInit.js:946:3)\n    at _runTestsForDescribeBlock (/home/runner/work/demo-ci-cd/demo-ci-cd/node_modules/jest-circus/build/jestAdapterInit.js:839:13)\n    at _runTestsForDescribeBlock (/home/runner/work/demo-ci-cd/demo-ci-cd/node_modules/jest-circus/build/jestAdapterInit.js:829:11)\n    at run (/home/runner/work/demo-ci-cd/demo-ci-cd/node_modules/jest-circus/build/jestAdapterInit.js:757:3)\n    at runAndTransformResultsToJestFormat (/home/runner/work/demo-ci-cd/demo-ci-cd/node_modules/jest-circus/build/jestAdapterInit.js:1917:21)\n    at jestAdapter (/home/runner/work/demo-ci-cd/demo-ci-cd/node_modules/jest-circus/build/runner.js:101:19)\n    at runTestInternal (/home/runner/work/demo-ci-cd/demo-ci-cd/node_modules/jest-runner/build/index.js:275:16)\n    at runTest (/home/runner/work/demo-ci-cd/demo-ci-cd/node_modules/jest-runner/build/index.js:343:7)"],"fullName":"add should concatenate string and number due to type coercion","invocations":1,"location":null,"numPassingAsserts":0,"retryReasons":[],"startAt":1756530464732,"status":"failed","title":"should concatenate string and number due to type coercion"}],"endTime":1756530464749,"message":"  ● add › should correctly add two positive numbers\n\n    expect(received).toBe(expected) // Object.is equality\n\n    Expected: 5\n    Received: -1\n\n    \u001b[0m \u001b[90m  5 |\u001b[39m   testCases\u001b[33m.\u001b[39madd\u001b[33m.\u001b[39mforEach(testCase \u001b[33m=>\u001b[39m {\n     \u001b[90m  6 |\u001b[39m     test(testCase\u001b[33m.\u001b[39mdescription\u001b[33m,\u001b[39m () \u001b[33m=>\u001b[39m {\n    \u001b[31m\u001b[1m>\u001b[22m\u001b[39m\u001b[90m  7 |\u001b[39m       expect(add(\u001b[33m...\u001b[39mtestCase\u001b[33m.\u001b[39minput))\u001b[33m.\u001b[39mtoBe(testCase\u001b[33m.\u001b[39mexpected)\u001b[33m;\u001b[39m\n     \u001b[90m    |\u001b[39m                                      \u001b[31m\u001b[1m^\u001b[22m\u001b[39m\n     \u001b[90m  8 |\u001b[39m     })\u001b[33m;\u001b[39m\n     \u001b[90m  9 |\u001b[39m   })\u001b[33m;\u001b[39m\n     \u001b[90m 10 |\u001b[39m })\u001b[33m;\u001b[39m\u001b[0m\n\n      at Object.toBe (tests/add.test.js:7:38)\n\n  ● add › should correctly add two negative numbers\n\n    expect(received).toBe(expected) // Object.is equality\n\n    Expected: -6\n    Received: 4\n\n    \u001b[0m \u001b[90m  5 |\u001b[39m   testCases\u001b[33m.\u001b[39madd\u001b[33m.\u001b[39mforEach(testCase \u001b[33m=>\u001b[39m {\n     \u001b[90m  6 |\u001b[39m     test(testCase\u001b[33m.\u001b[39mdescription\u001b[33m,\u001b[39m () \u001b[33m=>\u001b[39m {\n    \u001b[31m\u001b[1m>\u001b[22m\u001b[39m\u001b[90m  7 |\u001b[39m       expect(add(\u001b[33m...\u001b[39mtestCase\u001b[33m.\u001b[39minput))\u001b[33m.\u001b[39mtoBe(testCase\u001b[33m.\u001b[39mexpected)\u001b[33m;\u001b[39m\n     \u001b[90m    |\u001b[39m                                      \u001b[31m\u001b[1m^\u001b[22m\u001b[39m\n     \u001b[90m  8 |\u001b[39m     })\u001b[33m;\u001b[39m\n     \u001b[90m  9 |\u001b[39m   })\u001b[33m;\u001b[39m\n     \u001b[90m 10 |\u001b[39m })\u001b[33m;\u001b[39m\u001b[0m\n\n      at Object.toBe (tests/add.test.js:7:38)\n\n  ● add › should correctly add large numbers\n\n    expect(received).toBe(expected) // Object.is equality\n\n    Expected: 3000000\n    Received: -1000000\n\n    \u001b[0m \u001b[90m  5 |\u001b[39m   testCases\u001b[33m.\u001b[39madd\u001b[33m.\u001b[39mforEach(testCase \u001b[33m=>\u001b[39m {\n     \u001b[90m  6 |\u001b[39m     test(testCase\u001b[33m.\u001b[39mdescription\u001b[33m,\u001b[39m () \u001b[33m=>\u001b[39m {\n    \u001b[31m\u001b[1m>\u001b[22m\u001b[39m\u001b[90m  7 |\u001b[39m       expect(add(\u001b[33m...\u001b[39mtestCase\u001b[33m.\u001b[39minput))\u001b[33m.\u001b[39mtoBe(testCase\u001b[33m.\u001b[39mexpected)\u001b[33m;\u001b[39m\n     \u001b[90m    |\u001b[39m                                      \u001b[31m\u001b[1m^\u001b[22m\u001b[39m\n     \u001b[90m  8 |\u001b[39m     })\u001b[33m;\u001b[39m\n     \u001b[90m  9 |\u001b[39m   })\u001b[33m;\u001b[39m\n     \u001b[90m 10 |\u001b[39m })\u001b[33m;\u001b[39m\u001b[0m\n\n      at Object.toBe (tests/add.test.js:7:38)\n\n  ● add › should concatenate string and number due to type coercion\n\n    expect(received).toBe(expected) // Object.is equality\n\n    Expected: \"a2\"\n    Received: NaN\n\n    \u001b[0m \u001b[90m  5 |\u001b[39m   testCases\u001b[33m.\u001b[39madd\u001b[33m.\u001b[39mforEach(testCase \u001b[33m=>\u001b[39m {\n     \u001b[90m  6 |\u001b[39m     test(testCase\u001b[33m.\u001b[39mdescription\u001b[33m,\u001b[39m () \u001b[33m=>\u001b[39m {\n    \u001b[31m\u001b[1m>\u001b[22m\u001b[39m\u001b[90m  7 |\u001b[39m       expect(add(\u001b[33m...\u001b[39mtestCase\u001b[33m.\u001b[39minput))\u001b[33m.\u001b[39mtoBe(testCase\u001b[33m.\u001b[39mexpected)\u001b[33m;\u001b[39m\n     \u001b[90m    |\u001b[39m                                      \u001b[31m\u001b[1m^\u001b[22m\u001b[39m\n     \u001b[90m  8 |\u001b[39m     })\u001b[33m;\u001b[39m\n     \u001b[90m  9 |\u001b[39m   })\u001b[33m;\u001b[39m\n     \u001b[90m 10 |\u001b[39m })\u001b[33m;\u001b[39m\u001b[0m\n\n      at Object.toBe (tests/add.test.js:7:38)\n","name":"/home/runner/work/demo-ci-cd/demo-ci-cd/tests/add.test.js","startTime":1756530464605,"status":"failed","summary":""}],"wasInterrupted":false}
