{"numFailedTestSuites":0,"numFailedTests":0,"numPassedTestSuites":1,"numPassedTests":5,"numPendingTestSuites":0,"numPendingTests":0,"numRuntimeErrorTestSuites":0,"numTodoTests":0,"numTotalTestSuites":1,"numTotalTests":5,"openHandles":[],"snapshot":{"added":0,"didUpdate":false,"failure":false,"filesAdded":0,"filesRemoved":0,"filesRemovedList":[],"filesUnmatched":0,"filesUpdated":0,"matched":0,"total":0,"unchecked":0,"uncheckedKeysByFile":[],"unmatched":0,"updated":0},"startTime":1756463629000,"success":true,"testResults":[{"assertionResults":[{"ancestorTitles":["add"],"duration":1,"failing":false,"failureDetails":[],"failureMessages":[],"fullName":"add should return 5 for add(2, 3)","invocations":1,"location":null,"numPassingAsserts":1,"retryReasons":[],"startAt":1756463629319,"status":"passed","title":"should return 5 for add(2, 3)"},{"ancestorTitles":["add"],"duration":1,"failing":false,"failureDetails":[],"failureMessages":[],"fullName":"add should return 1 for add(5, -4)","invocations":1,"location":null,"numPassingAsserts":1,"retryReasons":[],"startAt":1756463629321,"status":"passed","title":"should return 1 for add(5, -4)"},{"ancestorTitles":["add"],"duration":0,"failing":false,"failureDetails":[],"failureMessages":[],"fullName":"add should return 7 for add(7, 0)","invocations":1,"location":null,"numPassingAsserts":1,"retryReasons":[],"startAt":1756463629322,"status":"passed","title":"should return 7 for add(7, 0)"},{"ancestorTitles":["add"],"duration":1,"failing":false,"failureDetails":[],"failureMessages":[],"fullName":"add should handle large numbers correctly, e.g., 1000000 + 2000000","invocations":1,"location":null,"numPassingAsserts":1,"retryReasons":[],"startAt":1756463629322,"status":"passed","title":"should handle large numbers correctly, e.g., 1000000 + 2000000"},{"ancestorTitles":["add"],"duration":0,"failing":false,"failureDetails":[],"failureMessages":[],"fullName":"add should return -5 for add(-2, -3)","invocations":1,"location":null,"numPassingAsserts":1,"retryReasons":[],"startAt":1756463629323,"status":"passed","title":"should return -5 for add(-2, -3)"}],"endTime":1756463629324,"message":"","name":"/home/runner/work/demo-ci-cd/demo-ci-cd/tests/add.test.js","startTime":1756463629106,"status":"passed","summary":""}],"wasInterrupted":false}
